<?xml version="1.0" encoding="UTF-8"?>
<!-- Generated by org.testng.reporters.JUnitReportReporter -->
<testsuite hostname="ROHITH" failures="0" tests="4" name="text.TextBox" time="30.295" errors="0" timestamp="2025-07-10T01:57:08 IST" skipped="0">
  <testcase classname="text.TextBox" name="addProducts" time="8.851"/>
  <testcase classname="text.TextBox" name="testData" time="6.302"/>
  <testcase classname="text.TextBox" name="testData1" time="8.756"/>
  <testcase classname="text.TextBox" name="testSubmitedText" time="6.386"/>
</testsuite> <!-- text.TextBox -->
