<?xml version="1.0" encoding="UTF-8"?>
<!-- Generated by org.testng.reporters.JUnitReportReporter -->
<testsuite hostname="ROHITH" failures="0" tests="3" name="text.MouseActions" time="7.195" errors="0" timestamp="2025-06-26T16:16:03 IST" skipped="2">
  <testcase classname="text.MouseActions" name="testData1" time="7.195"/>
  <testcase classname="text.MouseActions" name="testData">
    <skipped/>
  </testcase> <!-- testData -->
  <testcase classname="text.MouseActions" name="addProducts">
    <skipped/>
  </testcase> <!-- addProducts -->
</testsuite> <!-- text.MouseActions -->
