<?xml version="1.0" encoding="UTF-8"?>
<!-- Generated by org.testng.reporters.JUnitReportReporter -->
<testsuite hostname="ROHITH" failures="0" tests="4" name="text.TextBox" time="49.578" errors="0" timestamp="2025-07-11T22:30:02 IST" skipped="0">
  <testcase classname="text.TextBox" name="addProducts" time="10.263"/>
  <testcase classname="text.TextBox" name="testData" time="14.481"/>
  <testcase classname="text.TextBox" name="testData1" time="13.160"/>
  <testcase classname="text.TextBox" name="testSubmitedText" time="11.674"/>
</testsuite> <!-- text.TextBox -->
