<?xml version="1.0" encoding="UTF-8"?>
<!-- Generated by org.testng.reporters.JUnitReportReporter -->
<testsuite hostname="ROHITH" failures="0" tests="1" name="radioButtons.RadioButtons" time="0.262" errors="0" timestamp="2025-06-28T00:00:22 IST" skipped="0">
  <testcase classname="radioButtons.RadioButtons" name="checkBox" time="0.262"/>
</testsuite> <!-- radioButtons.RadioButtons -->
