<?xml version="1.0" encoding="UTF-8"?>
<!-- Generated by org.testng.reporters.JUnitReportReporter -->
<testsuite hostname="ROHITH" failures="0" tests="4" name="text.TextBox" time="41.930" errors="0" timestamp="2025-07-09T01:19:45 IST" skipped="0">
  <testcase classname="text.TextBox" name="addProducts" time="10.789"/>
  <testcase classname="text.TextBox" name="testData" time="10.519"/>
  <testcase classname="text.TextBox" name="testData1" time="10.560"/>
  <testcase classname="text.TextBox" name="testSubmitedText" time="10.062"/>
</testsuite> <!-- text.TextBox -->
