<?xml version="1.0" encoding="UTF-8"?>
<!-- Generated by org.testng.reporters.JUnitReportReporter -->
<testsuite hostname="ROHITH" failures="0" tests="1" name="dropDown.DropDown2" time="1.043" errors="0" timestamp="2025-05-31T22:04:03 IST" skipped="0">
  <testcase classname="dropDown.DropDown2" name="addProducts" time="1.043"/>
</testsuite> <!-- dropDown.DropDown2 -->
