<?xml version="1.0" encoding="UTF-8"?>
<!-- Generated by org.testng.reporters.JUnitReportReporter -->
<testsuite hostname="ROHITH" failures="0" tests="1" name="mouse.MouseActions" time="9.620" errors="0" timestamp="2025-06-02T12:21:40 IST" skipped="0">
  <testcase classname="mouse.MouseActions" name="addProducts" time="9.620"/>
</testsuite> <!-- mouse.MouseActions -->
