<?xml version="1.0" encoding="UTF-8"?>
<!-- Generated by org.testng.reporters.JUnitReportReporter -->
<testsuite hostname="ROHITH" failures="0" tests="1" name="text.CheckBox" time="0.151" errors="0" timestamp="2025-07-10T01:57:08 IST" skipped="0">
  <testcase classname="text.CheckBox" name="checkBox" time="0.151"/>
</testsuite> <!-- text.CheckBox -->
